<?xml version="1.0" encoding="UTF-8"?>
<!-- Generated by org.testng.reporters.JUnitReportReporter -->
<testsuite hostname="Gems-Lappy" name="com.guru99.TestScript04" tests="1" failures="0" timestamp="31 May 2017 23:33:05 GMT" time="0.000" errors="1">
  <testcase name="testCase04" time="0.000" classname="com.guru99.TestScript04">
    <error type="java.lang.RuntimeException" message="java.lang.Error: Unresolved compilation problems: 
	Workbook cannot be resolved to a type
	Workbook cannot be resolved
	Sheet cannot be resolved to a type
	Cell cannot be resolved to a type
	Cell cannot be resolved to a type
">
      <![CDATA[java.lang.RuntimeException: java.lang.Error: Unresolved compilation problems: 
	Workbook cannot be resolved to a type
	Workbook cannot be resolved
	Sheet cannot be resolved to a type
	Cell cannot be resolved to a type
	Cell cannot be resolved to a type

	at org.testng.internal.MethodInvocationHelper.invokeDataProvider(MethodInvocationHelper.java:162)
	at org.testng.internal.Parameters.handleParameters(Parameters.java:430)
	at org.testng.internal.Invoker.handleParameters(Invoker.java:1270)
	at org.testng.internal.Invoker.createParameters(Invoker.java:985)
	at org.testng.internal.Invoker.invokeTestMethods(Invoker.java:1075)
	at org.testng.internal.TestMethodWorker.invokeTestMethods(TestMethodWorker.java:125)
	at org.testng.internal.TestMethodWorker.run(TestMethodWorker.java:108)
	at org.testng.TestRunner.privateRun(TestRunner.java:774)
	at org.testng.TestRunner.run(TestRunner.java:624)
	at org.testng.SuiteRunner.runTest(SuiteRunner.java:359)
	at org.testng.SuiteRunner.runSequentially(SuiteRunner.java:354)
	at org.testng.SuiteRunner.privateRun(SuiteRunner.java:312)
	at org.testng.SuiteRunner.run(SuiteRunner.java:261)
	at org.testng.SuiteRunnerWorker.runSuite(SuiteRunnerWorker.java:52)
	at org.testng.SuiteRunnerWorker.run(SuiteRunnerWorker.java:86)
	at org.testng.TestNG.runSuitesSequentially(TestNG.java:1215)
	at org.testng.TestNG.runSuitesLocally(TestNG.java:1140)
	at org.testng.TestNG.run(TestNG.java:1048)
	at org.testng.remote.AbstractRemoteTestNG.run(AbstractRemoteTestNG.java:132)
	at org.testng.remote.RemoteTestNG.initAndRun(RemoteTestNG.java:230)
	at org.testng.remote.RemoteTestNG.main(RemoteTestNG.java:76)
Caused by: java.lang.Error: Unresolved compilation problems: 
	Workbook cannot be resolved to a type
	Workbook cannot be resolved
	Sheet cannot be resolved to a type
	Cell cannot be resolved to a type
	Cell cannot be resolved to a type

	at com.guru99.Util.getDataFromExcel(Util.java:63)
	at com.guru99.TestScript04.testData(TestScript04.java:42)
	at sun.reflect.NativeMethodAccessorImpl.invoke0(Native Method)
	at sun.reflect.NativeMethodAccessorImpl.invoke(Unknown Source)
	at sun.reflect.DelegatingMethodAccessorImpl.invoke(Unknown Source)
	at java.lang.reflect.Method.invoke(Unknown Source)
	at org.testng.internal.MethodInvocationHelper.invokeMethod(MethodInvocationHelper.java:85)
	at org.testng.internal.MethodInvocationHelper.invokeDataProvider(MethodInvocationHelper.java:136)
	... 20 more
]]>
    </error>
  </testcase> <!-- testCase04 -->
</testsuite> <!-- com.guru99.TestScript04 -->
