<?xml version="1.0" encoding="UTF-8"?>
<!-- Generated by org.testng.reporters.JUnitReportReporter -->
<testsuite hostname="Gems-Lappy" name="com.gemini.againSelenium.UserLoginLogout" tests="3" failures="0" timestamp="5 Jul 2017 22:19:40 GMT" time="0.015" errors="0">
  <testcase name="testUserLoginLogout" time="0.005" classname="com.gemini.againSelenium.UserLoginLogout"/>
  <testcase name="testUserLoginLogout" time="0.005" classname="com.gemini.againSelenium.UserLoginLogout"/>
  <testcase name="testUserLoginLogout" time="0.005" classname="com.gemini.againSelenium.UserLoginLogout"/>
</testsuite> <!-- com.gemini.againSelenium.UserLoginLogout -->
