<?xml version="1.0" encoding="UTF-8"?>
<!-- Generated by org.testng.reporters.JUnitReportReporter -->
<testsuite hostname="Gems-Lappy" name="com.gemini.selenium.googleCal$calculatorTest" tests="1" failures="0" timestamp="20 May 2017 02:53:21 GMT" time="13.341" errors="0">
  <testcase name="googleCalculator" time="13.341" classname="com.gemini.selenium.googleCal$calculatorTest"/>
</testsuite> <!-- com.gemini.selenium.googleCal$calculatorTest -->
